2025-07-31 15:33:00,989 - spark - INFO - 📋 Loaded 18 user mappings from C:\Users\oscar.solis\Documents\yam\app\Freshworks\IDs.txt
2025-07-31 15:33:00,996 - spark - INFO - ✅ User mappings synced successfully: 0 created, 0 updated
2025-07-31 15:33:01,805 - spark - INFO - Fetching page 1... Status: 200
2025-07-31 15:33:02,750 - spark - INFO - Fetching page 2... Status: 200
2025-07-31 15:33:03,316 - spark - INFO - Fetching page 3... Status: 200
2025-07-31 15:33:04,011 - spark - INFO - Fetching page 4... Status: 200
2025-07-31 15:33:04,633 - spark - INFO - Fetching page 5... Status: 200
2025-07-31 15:33:05,253 - spark - INFO - Fetching page 6... Status: 200
2025-07-31 15:33:05,755 - spark - INFO - Fetching page 7... Status: 200
2025-07-31 15:33:06,295 - spark - INFO - Fetching page 8... Status: 200
2025-07-31 15:33:06,840 - spark - INFO - Fetching page 9... Status: 200
2025-07-31 15:33:08,002 - spark - INFO - Fetching page 10... Status: 200
2025-07-31 15:33:08,598 - spark - INFO - Fetching page 11... Status: 200
2025-07-31 15:33:09,100 - spark - INFO - Fetching page 12... Status: 200
2025-07-31 15:33:09,668 - spark - INFO - Fetching page 13... Status: 200
2025-07-31 15:33:10,203 - spark - INFO - Fetching page 14... Status: 200
2025-07-31 15:33:10,716 - spark - INFO - Fetching page 15... Status: 200
2025-07-31 15:33:11,746 - spark - INFO - Fetching page 16... Status: 200
2025-07-31 15:33:12,255 - spark - INFO - Fetching page 17... Status: 200
2025-07-31 15:33:13,279 - spark - INFO - Fetching page 18... Status: 200
2025-07-31 15:33:14,218 - spark - INFO - Fetching page 19... Status: 200
2025-07-31 15:33:14,756 - spark - INFO - Fetching page 20... Status: 200
2025-07-31 15:33:15,238 - spark - INFO - Fetching page 21... Status: 200
2025-07-31 15:33:16,205 - spark - INFO - Fetching page 22... Status: 200
2025-07-31 15:33:16,728 - spark - INFO - Fetching page 23... Status: 200
2025-07-31 15:33:17,268 - spark - INFO - Fetching page 24... Status: 200
2025-07-31 15:33:17,796 - spark - INFO - Fetching page 25... Status: 200
2025-07-31 15:33:18,781 - spark - INFO - Fetching page 26... Status: 200
2025-07-31 15:33:19,595 - spark - INFO - Fetching page 27... Status: 200
2025-07-31 15:33:20,199 - spark - INFO - Fetching page 28... Status: 200
2025-07-31 15:33:20,699 - spark - INFO - Fetching page 29... Status: 200
2025-07-31 15:33:21,314 - spark - INFO - Fetching page 30... Status: 200
2025-07-31 15:33:21,866 - spark - INFO - Fetching page 31... Status: 200
2025-07-31 15:33:22,766 - spark - INFO - Fetching page 32... Status: 200
2025-07-31 15:33:23,363 - spark - INFO - Fetching page 33... Status: 200
2025-07-31 15:33:23,880 - spark - INFO - Fetching page 34... Status: 200
2025-07-31 15:33:24,750 - spark - INFO - Fetching page 35... Status: 200
2025-07-31 15:33:25,358 - spark - INFO - Fetching page 36... Status: 200
2025-07-31 15:33:26,237 - spark - INFO - Fetching page 37... Status: 200
2025-07-31 15:33:26,810 - spark - INFO - Fetching page 38... Status: 200
2025-07-31 15:33:27,363 - spark - INFO - Fetching page 39... Status: 200
2025-07-31 15:33:27,954 - spark - INFO - Fetching page 40... Status: 200
2025-07-31 15:33:28,744 - spark - INFO - Fetching page 41... Status: 200
2025-07-31 15:33:29,659 - spark - INFO - Fetching page 42... Status: 200
2025-07-31 15:33:30,638 - spark - INFO - Fetching page 43... Status: 200
2025-07-31 15:33:31,233 - spark - INFO - Fetching page 44... Status: 200
2025-07-31 15:33:31,835 - spark - INFO - Fetching page 45... Status: 200
2025-07-31 15:33:32,463 - spark - INFO - Fetching page 46... Status: 200
2025-07-31 15:33:33,097 - spark - INFO - Fetching page 47... Status: 200
2025-07-31 15:33:33,814 - spark - INFO - Fetching page 48... Status: 200
2025-07-31 15:33:34,996 - spark - INFO - Fetching page 49... Status: 200
2025-07-31 15:33:36,051 - spark - INFO - Fetching page 50... Status: 200
2025-07-31 15:33:36,069 - spark - INFO - ✅ Ticket closure database tables verified/created
2025-07-31 15:33:36,069 - spark - INFO - 🔄 Syncing hourly closures for 2025-07-31 at hour 15
2025-07-31 15:33:36,605 - spark - INFO - Fetching page 1... Status: 200
2025-07-31 15:33:37,140 - spark - INFO - Fetching page 2... Status: 200
2025-07-31 15:33:37,686 - spark - INFO - Fetching page 3... Status: 200
2025-07-31 15:33:38,198 - spark - INFO - Fetching page 4... Status: 200
2025-07-31 15:33:38,745 - spark - INFO - Fetching page 5... Status: 200
2025-07-31 15:33:39,332 - spark - INFO - Fetching page 6... Status: 200
2025-07-31 15:33:39,878 - spark - INFO - Fetching page 7... Status: 200
2025-07-31 15:33:40,427 - spark - INFO - Fetching page 8... Status: 200
2025-07-31 15:33:40,969 - spark - INFO - Fetching page 9... Status: 200
2025-07-31 15:33:41,497 - spark - INFO - Fetching page 10... Status: 200
2025-07-31 15:33:41,997 - spark - INFO - Fetching page 11... Status: 200
2025-07-31 15:33:42,678 - spark - INFO - Fetching page 12... Status: 200
2025-07-31 15:33:43,203 - spark - INFO - Fetching page 13... Status: 200
2025-07-31 15:33:43,733 - spark - INFO - Fetching page 14... Status: 200
2025-07-31 15:33:44,237 - spark - INFO - Fetching page 15... Status: 200
2025-07-31 15:33:44,835 - spark - INFO - Fetching page 16... Status: 200
2025-07-31 15:33:45,446 - spark - INFO - Fetching page 17... Status: 200
2025-07-31 15:33:45,948 - spark - INFO - Fetching page 18... Status: 200
2025-07-31 15:33:47,266 - spark - INFO - Fetching page 19... Status: 200
2025-07-31 15:33:47,822 - spark - INFO - Fetching page 20... Status: 200
2025-07-31 15:33:48,724 - spark - INFO - Fetching page 21... Status: 200
2025-07-31 15:33:49,255 - spark - INFO - Fetching page 22... Status: 200
2025-07-31 15:33:49,757 - spark - INFO - Fetching page 23... Status: 200
2025-07-31 15:33:50,317 - spark - INFO - Fetching page 24... Status: 200
2025-07-31 15:33:50,875 - spark - INFO - Fetching page 25... Status: 200
2025-07-31 15:33:51,424 - spark - INFO - Fetching page 26... Status: 200
2025-07-31 15:33:52,035 - spark - INFO - Fetching page 27... Status: 200
2025-07-31 15:33:52,518 - spark - INFO - Fetching page 28... Status: 200
2025-07-31 15:33:53,034 - spark - INFO - Fetching page 29... Status: 200
2025-07-31 15:33:53,551 - spark - INFO - Fetching page 30... Status: 200
2025-07-31 15:33:54,648 - spark - INFO - Fetching page 31... Status: 200
2025-07-31 15:33:55,866 - spark - INFO - Fetching page 32... Status: 200
2025-07-31 15:33:56,401 - spark - INFO - Fetching page 33... Status: 200
2025-07-31 15:33:56,953 - spark - INFO - Fetching page 34... Status: 200
2025-07-31 15:33:57,646 - spark - INFO - Fetching page 35... Status: 200
2025-07-31 15:33:58,205 - spark - INFO - Fetching page 36... Status: 200
2025-07-31 15:33:58,687 - spark - INFO - Fetching page 37... Status: 200
2025-07-31 15:33:59,191 - spark - INFO - Fetching page 38... Status: 200
2025-07-31 15:34:00,049 - spark - INFO - Fetching page 39... Status: 200
2025-07-31 15:34:00,614 - spark - INFO - Fetching page 40... Status: 200
2025-07-31 15:34:01,218 - spark - INFO - Fetching page 41... Status: 200
2025-07-31 15:34:02,054 - spark - INFO - Fetching page 42... Status: 200
2025-07-31 15:34:03,007 - spark - INFO - Fetching page 43... Status: 200
2025-07-31 15:34:03,756 - spark - INFO - Fetching page 44... Status: 200
2025-07-31 15:34:04,331 - spark - INFO - Fetching page 45... Status: 200
2025-07-31 15:34:04,873 - spark - INFO - Fetching page 46... Status: 200
2025-07-31 15:34:05,531 - spark - INFO - Fetching page 47... Status: 200
2025-07-31 15:34:06,254 - spark - INFO - Fetching page 48... Status: 200
2025-07-31 15:34:07,879 - spark - INFO - Fetching page 49... Status: 200
2025-07-31 15:34:08,624 - spark - INFO - Fetching page 50... Status: 200
2025-07-31 15:34:08,664 - spark - INFO - ➕ Created hourly record: Oscar Solis - 9 tickets at hour 15
2025-07-31 15:34:08,685 - spark - INFO - ➕ Created hourly record: Ralph Rosalin - 4 tickets at hour 15
2025-07-31 15:34:08,691 - spark - INFO - ➕ Created hourly record: Nick Gutierrez - 6 tickets at hour 15
2025-07-31 15:34:08,700 - spark - INFO - ➕ Created hourly record: Doug Spohn - 5 tickets at hour 15
2025-07-31 15:34:08,705 - spark - INFO - ➕ Created hourly record: Pietro Vue - 3 tickets at hour 15
2025-07-31 15:34:08,712 - spark - INFO - ➕ Created hourly record: Anthony Risker - 4 tickets at hour 15
2025-07-31 15:34:08,718 - spark - INFO - ➕ Created hourly record: AJ - 10 tickets at hour 15
2025-07-31 15:34:08,723 - spark - INFO - ➕ Created hourly record: Mayra Lopez - 4 tickets at hour 15
2025-07-31 15:34:08,730 - spark - INFO - ➕ Created hourly record: Jarrod Woodson - 4 tickets at hour 15
2025-07-31 15:34:08,740 - spark - INFO - ➕ Created hourly record: Samuel Nightingale - 8 tickets at hour 15
2025-07-31 15:34:08,748 - spark - INFO - ➕ Created hourly record: Jabin Dejesa - 1 tickets at hour 15
2025-07-31 15:34:08,754 - spark - INFO - ➕ Created hourly record: JZ - 2 tickets at hour 15
2025-07-31 15:34:08,764 - spark - INFO - ➕ Created hourly record: Christopher Bush - 2 tickets at hour 15
2025-07-31 15:34:08,771 - spark - INFO - ➕ Created hourly record: Staci Valko - 1 tickets at hour 15
2025-07-31 15:34:08,779 - spark - INFO - ➕ Created hourly record: Rylan Knightstep - 1 tickets at hour 15
2025-07-31 15:34:08,854 - spark - INFO - ✅ Daily aggregation updated for 2025-07-31
2025-07-31 15:34:08,865 - spark - INFO - ✅ Hourly sync completed: 15 users updated for 2025-07-31 hour 15
