2025-06-18 17:08:26,200 - INFO - Connected to database: db/chat_qa.db
2025-06-18 17:08:28,676 - INFO - Database table structure verified
2025-06-18 17:08:31,074 - INFO - Loaded 1,000,000 existing Q&A hashes from database
2025-06-18 17:08:31,147 - WARNING - AI.html file not found at app/templates/AI.html
2025-06-18 17:08:31,281 - INFO - Current Q&A pairs in database: 1,000,000
2025-06-18 17:08:31,281 - INFO - Starting training for category: all
2025-06-18 17:08:31,282 - INFO - Target count: 100,000
2025-06-18 17:08:31,282 - INFO - Batch size: 1000
2025-06-18 17:08:31,283 - INFO - Existing database entries: 1,000,000
2025-06-18 17:08:31,283 - INFO - AI.html hashes loaded: 0
2025-06-18 17:08:31,283 - INFO - Generated 0 Q&A pairs
2025-06-18 17:08:31,348 - INFO - Current Q&A pairs in database: 1,000,000
2025-06-18 17:08:31,349 - INFO - Training completed!
2025-06-18 17:08:31,349 - INFO - Category: all
2025-06-18 17:08:31,349 - INFO - Total Q&A pairs in database: 1,000,000
2025-06-18 17:08:31,350 - INFO - New Q&A pairs inserted: 0
2025-06-18 17:08:31,350 - INFO - Duplicates skipped: 0
2025-06-18 17:08:31,350 - INFO - Total time: 0.0 minutes
2025-06-18 17:08:31,351 - INFO - Average speed: 0 Q&A pairs per second
2025-06-18 17:08:31,352 - INFO - Database connection closed
2025-06-18 17:12:09,230 - ERROR - Failed to import Flask app: No module named 'app'
2025-06-18 17:12:11,410 - ERROR - Failed to import Flask app: No module named 'app'
2025-06-18 17:12:14,651 - ERROR - Failed to import Flask app: No module named 'app'
2025-06-18 17:12:28,843 - INFO - Attempting to load local embedder from: C:\Users\oscar.solis\Desktop\SPARK\PDSI\data\models\local_embedder
2025-06-18 17:12:28,843 - INFO - Load pretrained SentenceTransformer: C:\Users\oscar.solis\Desktop\SPARK\PDSI\data\models\local_embedder
2025-06-18 17:12:28,844 - WARNING - No sentence-transformers model found with name C:\Users\oscar.solis\Desktop\SPARK\PDSI\data\models\local_embedder. Creating a new one with MEAN pooling.
2025-06-18 17:12:29,105 - INFO - Use pytorch device: cpu
2025-06-18 17:12:31,121 - INFO - Flask app and database imported successfully
2025-06-18 17:12:31,182 - INFO - Database table structure verified
2025-06-18 17:12:31,307 - INFO - Loaded 64,536 existing Q&A hashes from database
2025-06-18 17:12:31,310 - WARNING - AI.html file not found at app/templates/AI.html
2025-06-18 17:12:31,313 - INFO - Current Q&A pairs in database: 64,536
2025-06-18 17:12:31,314 - INFO - Starting training for category: dental_equipment
2025-06-18 17:12:31,314 - INFO - Target count: 100
2025-06-18 17:12:31,315 - INFO - Batch size: 1000
2025-06-18 17:12:31,315 - INFO - Existing database entries: 64,536
2025-06-18 17:12:31,315 - INFO - AI.html hashes loaded: 0
2025-06-18 17:12:31,316 - INFO - Generated 0 Q&A pairs
2025-06-18 17:12:31,319 - INFO - Current Q&A pairs in database: 64,536
2025-06-18 17:12:31,320 - INFO - Training completed!
2025-06-18 17:12:31,321 - INFO - Category: dental_equipment
2025-06-18 17:12:31,321 - INFO - Total Q&A pairs in database: 64,536
2025-06-18 17:12:31,322 - INFO - New Q&A pairs inserted: 0
2025-06-18 17:12:31,322 - INFO - Duplicates skipped: 0
2025-06-18 17:12:31,322 - INFO - Total time: 0.0 minutes
2025-06-18 17:12:31,322 - INFO - Average speed: 0 Q&A pairs per second
2025-06-18 17:13:20,978 - INFO - Attempting to load local embedder from: C:\Users\oscar.solis\Desktop\SPARK\PDSI\data\models\local_embedder
2025-06-18 17:13:20,978 - INFO - Load pretrained SentenceTransformer: C:\Users\oscar.solis\Desktop\SPARK\PDSI\data\models\local_embedder
2025-06-18 17:13:20,979 - WARNING - No sentence-transformers model found with name C:\Users\oscar.solis\Desktop\SPARK\PDSI\data\models\local_embedder. Creating a new one with MEAN pooling.
2025-06-18 17:13:21,240 - INFO - Use pytorch device: cpu
2025-06-18 17:13:23,192 - INFO - Flask app and database imported successfully
2025-06-18 17:13:23,192 - INFO - Database table structure verified
2025-06-18 17:13:23,321 - INFO - Loaded 64,536 existing Q&A hashes from database
2025-06-18 17:13:23,324 - WARNING - AI.html file not found at app/templates/AI.html
2025-06-18 17:13:23,327 - INFO - Current Q&A pairs in database: 64,536
2025-06-18 17:13:23,327 - INFO - Starting training for category: all
2025-06-18 17:13:23,327 - INFO - Target count: 1,000,000
2025-06-18 17:13:23,328 - INFO - Batch size: 2000
2025-06-18 17:13:23,328 - INFO - Existing database entries: 64,536
2025-06-18 17:13:23,328 - INFO - AI.html hashes loaded: 0
2025-06-18 17:13:23,328 - INFO - Generated 0 Q&A pairs
2025-06-18 17:13:23,331 - INFO - Current Q&A pairs in database: 64,536
2025-06-18 17:13:23,331 - INFO - Training completed!
2025-06-18 17:13:23,331 - INFO - Category: all
2025-06-18 17:13:23,333 - INFO - Total Q&A pairs in database: 64,536
2025-06-18 17:13:23,333 - INFO - New Q&A pairs inserted: 0
2025-06-18 17:13:23,333 - INFO - Duplicates skipped: 0
2025-06-18 17:13:23,333 - INFO - Total time: 0.0 minutes
2025-06-18 17:13:23,333 - INFO - Average speed: 0 Q&A pairs per second
